Command: vcs -sverilog -full64 -f ../flist +lint=TFIPC-L -P /opt/Synopsys/Verdi2015/share/PLI/VCS/LINUX64/novas.tab \
/opt/Synopsys/Verdi2015/share/PLI/VCS/LINUX64/pli.a -l run.log +v2k -debug_all +notimingcheck \
-lca
                         Chronologic VCS (TM)
         Version I-2014.03_Full64 -- Sun Jul 11 20:14:36 2021
               Copyright (c) 1991-2014 by Synopsys Inc.
                         ALL RIGHTS RESERVED

This program is proprietary and confidential information of Synopsys Inc.
and may be used and disclosed only as authorized in a license agreement
controlling such use and disclosure.


Warning-[LCA_FEATURES_ENABLED] Usage warning
  LCA features enabled by '-lca' argument on the command line.  For more 
  information regarding list of LCA features please refer to Chapter "LCA 
  features" in the VCS/VCS-MX Release Notes

Parsing design file '../tb/tb.v'

Warning-[RVOSFD] Return value discarded
../tb/tb.v, 542
  System function '$fscanf' is invoked as task, its return value is discarded.
  "../tb/tb.v", 542
  Source info:     
  $fscanf(fd_rc,"%d,%d,%d",tgtRate,bufferfullness,rcbufferfullness);


Warning-[RVOSFD] Return value discarded
../tb/tb.v, 548
  System function '$fscanf' is invoked as task, its return value is discarded.
  "../tb/tb.v", 548
  Source info:     $fscanf(fd_mpp,"%02h %02h %02h %02h %02h %02h %02h %02h 
  ",k0_rec0,k0_rec1,k0_rec2,k0_rec3,k0_rec4,k0_rec5,k0_rec6,k0_rec7);


Warning-[RVOSFD] Return value discarded
../tb/tb.v, 549
  System function '$fscanf' is invoked as task, its return value is discarded.
  "../tb/tb.v", 549
  Source info:     $fscanf(fd_mpp,"%02h %02h %02h %02h %02h %02h %02h %02h 
  ",k0_rec8,k0_rec9,k0_rec10,k0_rec11,k0_rec12,k0_rec13,k0_rec14,k0_rec15);


Warning-[RVOSFD] Return value discarded
../tb/tb.v, 550
  System function '$fscanf' is invoked as task, its return value is discarded.
  "../tb/tb.v", 550
  Source info:     $fscanf(fd_mpp,"%02h %02h %02h %02h %02h %02h %02h %02h 
  ",k1_rec0,k1_rec1,k1_rec2,k1_rec3,k1_rec4,k1_rec5,k1_rec6,k1_rec7);


Warning-[RVOSFD] Return value discarded
../tb/tb.v, 551
  System function '$fscanf' is invoked as task, its return value is discarded.
  "../tb/tb.v", 551
  Source info:     $fscanf(fd_mpp,"%02h %02h %02h %02h %02h %02h %02h %02h 
  ",k1_rec8,k1_rec9,k1_rec10,k1_rec11,k1_rec12,k1_rec13,k1_rec14,k1_rec15);


Warning-[RVOSFD] Return value discarded
../tb/tb.v, 552
  System function '$fscanf' is invoked as task, its return value is discarded.
  "../tb/tb.v", 552
  Source info:     $fscanf(fd_mpp,"%02h %02h %02h %02h %02h %02h %02h %02h 
  ",k2_rec0,k2_rec1,k2_rec2,k2_rec3,k2_rec4,k2_rec5,k2_rec6,k2_rec7);


Warning-[RVOSFD] Return value discarded
../tb/tb.v, 553
  System function '$fscanf' is invoked as task, its return value is discarded.
  "../tb/tb.v", 553
  Source info:     $fscanf(fd_mpp,"%02h %02h %02h %02h %02h %02h %02h %02h 
  ",k2_rec8,k2_rec9,k2_rec10,k2_rec11,k2_rec12,k2_rec13,k2_rec14,k2_rec15);

Parsing design file '../../rtl/bitparse.v'
Parsing design file '../../rtl/bitparse_ssm123.v'
Parsing design file '../../rtl/decMppSuffix.v'
Parsing design file '../../rtl/decMpp.v'
Parsing design file '../../rtl/decMpp_com.v'

Warning-[IPDW] Identifier previously declared
../../rtl/decMpp_com.v, 60
  Second declaration for identifier 'm_bitDepth' ignored


Warning-[IPDW] Identifier previously declared
../../rtl/decMpp_com.v, 61
  Second declaration for identifier 'curStepSize' ignored

Parsing design file '../../rtl/decXfmCoeff.v'
Parsing design file '../../rtl/parseEcg.v'
Parsing design file '../../rtl/parse_signbits_ec.v'
Parsing design file '../../rtl/decBpvBlock.v'
Parsing design file '../../rtl/decEcg_allGroups.v'

Warning-[IPDW] Identifier previously declared
../../rtl/decEcg_allGroups.v, 59
  Second declaration for identifier 'ecEd0' ignored


Warning-[IPDW] Identifier previously declared
../../rtl/decEcg_allGroups.v, 60
  Second declaration for identifier 'ecEd0' ignored


Warning-[IPDW] Identifier previously declared
../../rtl/decEcg_allGroups.v, 61
  Second declaration for identifier 'ecEd0' ignored

Parsing design file '../../rtl/decVecEcSymbolSM.v'
Parsing design file '../../rtl/decVecEcSymbol2C.v'

Warning-[TMBIN] Too many bits in Based Number
../../rtl/decVecEcSymbol2C.v, 44
  The specified width is '4' bits, actually got '8' bits.
  The offending number is : '10'.


Warning-[TMBIN] Too many bits in Based Number
../../rtl/decVecEcSymbol2C.v, 44
  The specified width is '4' bits, actually got '8' bits.
  The offending number is : '12'.


Warning-[TMBIN] Too many bits in Based Number
../../rtl/decVecEcSymbol2C.v, 44
  The specified width is '4' bits, actually got '8' bits.
  The offending number is : '11'.


Warning-[TMBIN] Too many bits in Based Number
../../rtl/decVecEcSymbol2C.v, 44
  The specified width is '4' bits, actually got '8' bits.
  The offending number is : '14'.


Warning-[TMBIN] Too many bits in Based Number
../../rtl/decVecEcSymbol2C.v, 44
  The specified width is '4' bits, actually got '8' bits.
  The offending number is : '13'.


Warning-[TMBIN] Too many bits in Based Number
../../rtl/decVecEcSymbol2C.v, 44
  The specified width is '4' bits, actually got '8' bits.
  The offending number is : '15'.


Warning-[TMBIN] Too many bits in Based Number
../../rtl/decVecEcSymbol2C.v, 45
  The specified width is '4' bits, actually got '8' bits.
  The offending number is : '12'.


Warning-[TMBIN] Too many bits in Based Number
../../rtl/decVecEcSymbol2C.v, 45
  The specified width is '4' bits, actually got '8' bits.
  The offending number is : '10'.


Warning-[TMBIN] Too many bits in Based Number
../../rtl/decVecEcSymbol2C.v, 45
  The specified width is '4' bits, actually got '8' bits.
  The offending number is : '15'.


Warning-[TMBIN] Too many bits in Based Number
../../rtl/decVecEcSymbol2C.v, 45
  The specified width is '4' bits, actually got '8' bits.
  The offending number is : '11'.


Warning-[TMBIN] Too many bits in Based Number
../../rtl/decVecEcSymbol2C.v, 45
  The specified width is '4' bits, actually got '8' bits.
  The offending number is : '13'.


Warning-[TMBIN] Too many bits in Based Number
../../rtl/decVecEcSymbol2C.v, 45
  The specified width is '4' bits, actually got '8' bits.
  The offending number is : '14'.


Warning-[TMBIN] Too many bits in Based Number
../../rtl/decVecEcSymbol2C.v, 46
  The specified width is '8' bits, actually got '12' bits.
  The offending number is : '193'.


Warning-[TMBIN] Too many bits in Based Number
../../rtl/decVecEcSymbol2C.v, 46
  The specified width is '8' bits, actually got '12' bits.
  The offending number is : '196'.


Warning-[TMBIN] Too many bits in Based Number
../../rtl/decVecEcSymbol2C.v, 46
  The specified width is '8' bits, actually got '12' bits.
  The offending number is : '208'.


Warning-[TMBIN] Too many bits in Based Number
../../rtl/decVecEcSymbol2C.v, 46
  The specified width is '8' bits, actually got '12' bits.
  The offending number is : '112'.


Warning-[TMBIN] Too many bits in Based Number
../../rtl/decVecEcSymbol2C.v, 46
  The specified width is '8' bits, actually got '12' bits.
  The offending number is : '128'.


Warning-[TMBIN] Too many bits in Based Number
../../rtl/decVecEcSymbol2C.v, 46
  The specified width is '8' bits, actually got '12' bits.
  The offending number is : '241'.


Warning-[TMBIN] Too many bits in Based Number
../../rtl/decVecEcSymbol2C.v, 46
  The specified width is '8' bits, actually got '12' bits.
  The offending number is : '244'.


Warning-[TMBIN] Too many bits in Based Number
../../rtl/decVecEcSymbol2C.v, 46
  The specified width is '8' bits, actually got '12' bits.
  The offending number is : '197'.


Warning-[TMBIN] Too many bits in Based Number
../../rtl/decVecEcSymbol2C.v, 46
  The specified width is '8' bits, actually got '12' bits.
  The offending number is : '209'.


Warning-[TMBIN] Too many bits in Based Number
../../rtl/decVecEcSymbol2C.v, 46
  The specified width is '8' bits, actually got '12' bits.
  The offending number is : '200'.


Warning-[TMBIN] Too many bits in Based Number
../../rtl/decVecEcSymbol2C.v, 46
  The specified width is '8' bits, actually got '12' bits.
  The offending number is : '115'.


Warning-[TMBIN] Too many bits in Based Number
../../rtl/decVecEcSymbol2C.v, 46
  The specified width is '8' bits, actually got '12' bits.
  The offending number is : '212'.


Warning-[TMBIN] Too many bits in Based Number
../../rtl/decVecEcSymbol2C.v, 46
  The specified width is '8' bits, actually got '12' bits.
  The offending number is : '205'.


Warning-[TMBIN] Too many bits in Based Number
../../rtl/decVecEcSymbol2C.v, 46
  The specified width is '8' bits, actually got '12' bits.
  The offending number is : '116'.


Warning-[TMBIN] Too many bits in Based Number
../../rtl/decVecEcSymbol2C.v, 46
  The specified width is '8' bits, actually got '12' bits.
  The offending number is : '113'.


Warning-[TMBIN] Too many bits in Based Number
../../rtl/decVecEcSymbol2C.v, 46
  The specified width is '8' bits, actually got '12' bits.
  The offending number is : '140'.


Warning-[TMBIN] Too many bits in Based Number
../../rtl/decVecEcSymbol2C.v, 46
  The specified width is '8' bits, actually got '12' bits.
  The offending number is : '224'.


Warning-[TMBIN] Too many bits in Based Number
../../rtl/decVecEcSymbol2C.v, 46
  The specified width is '8' bits, actually got '12' bits.
  The offending number is : '124'.


Warning-[TMBIN] Too many bits in Based Number
../../rtl/decVecEcSymbol2C.v, 46
  The specified width is '8' bits, actually got '12' bits.
  The offending number is : '220'.


Warning-[TMBIN] Too many bits in Based Number
../../rtl/decVecEcSymbol2C.v, 46
  The specified width is '8' bits, actually got '12' bits.
  The offending number is : '176'.


Warning-[TMBIN] Too many bits in Based Number
../../rtl/decVecEcSymbol2C.v, 46
  The specified width is '8' bits, actually got '12' bits.
  The offending number is : '199'.


Warning-[TMBIN] Too many bits in Based Number
../../rtl/decVecEcSymbol2C.v, 46
  The specified width is '8' bits, actually got '12' bits.
  The offending number is : '132'.


Warning-[TMBIN] Too many bits in Based Number
../../rtl/decVecEcSymbol2C.v, 46
  The specified width is '8' bits, actually got '12' bits.
  The offending number is : '129'.


Warning-[TMBIN] Too many bits in Based Number
../../rtl/decVecEcSymbol2C.v, 46
  The specified width is '8' bits, actually got '12' bits.
  The offending number is : '211'.


Warning-[TMBIN] Too many bits in Based Number
../../rtl/decVecEcSymbol2C.v, 46
  The specified width is '8' bits, actually got '12' bits.
  The offending number is : '144'.


Warning-[TMBIN] Too many bits in Based Number
../../rtl/decVecEcSymbol2C.v, 46
  The specified width is '8' bits, actually got '12' bits.
  The offending number is : '194'.


Warning-[TMBIN] Too many bits in Based Number
../../rtl/decVecEcSymbol2C.v, 46
  The specified width is '8' bits, actually got '12' bits.
  The offending number is : '131'.


Warning-[TMBIN] Too many bits in Based Number
../../rtl/decVecEcSymbol2C.v, 46
  The specified width is '8' bits, actually got '12' bits.
  The offending number is : '136'.


Warning-[TMBIN] Too many bits in Based Number
../../rtl/decVecEcSymbol2C.v, 46
  The specified width is '8' bits, actually got '12' bits.
  The offending number is : '245'.


Warning-[TMBIN] Too many bits in Based Number
../../rtl/decVecEcSymbol2C.v, 46
  The specified width is '8' bits, actually got '12' bits.
  The offending number is : '203'.


Warning-[TMBIN] Too many bits in Based Number
../../rtl/decVecEcSymbol2C.v, 46
  The specified width is '8' bits, actually got '12' bits.
  The offending number is : '160'.


Warning-[TMBIN] Too many bits in Based Number
../../rtl/decVecEcSymbol2C.v, 46
  The specified width is '8' bits, actually got '12' bits.
  The offending number is : '119'.


Warning-[TMBIN] Too many bits in Based Number
../../rtl/decVecEcSymbol2C.v, 46
  The specified width is '8' bits, actually got '12' bits.
  The offending number is : '215'.


Warning-[TMBIN] Too many bits in Based Number
../../rtl/decVecEcSymbol2C.v, 46
  The specified width is '8' bits, actually got '12' bits.
  The offending number is : '125'.


Warning-[TMBIN] Too many bits in Based Number
../../rtl/decVecEcSymbol2C.v, 46
  The specified width is '8' bits, actually got '12' bits.
  The offending number is : '221'.


Warning-[TMBIN] Too many bits in Based Number
../../rtl/decVecEcSymbol2C.v, 46
  The specified width is '8' bits, actually got '12' bits.
  The offending number is : '188'.


Warning-[TMBIN] Too many bits in Based Number
../../rtl/decVecEcSymbol2C.v, 46
  The specified width is '8' bits, actually got '12' bits.
  The offending number is : '114'.


Warning-[TMBIN] Too many bits in Based Number
../../rtl/decVecEcSymbol2C.v, 46
  The specified width is '8' bits, actually got '12' bits.
  The offending number is : '117'.


Warning-[TMBIN] Too many bits in Based Number
../../rtl/decVecEcSymbol2C.v, 46
  The specified width is '8' bits, actually got '12' bits.
  The offending number is : '228'.


Warning-[TMBIN] Too many bits in Based Number
../../rtl/decVecEcSymbol2C.v, 46
  The specified width is '8' bits, actually got '12' bits.
  The offending number is : '227'.


Warning-[TMBIN] Too many bits in Based Number
../../rtl/decVecEcSymbol2C.v, 46
  The specified width is '8' bits, actually got '12' bits.
  The offending number is : '177'.


Warning-[TMBIN] Too many bits in Based Number
../../rtl/decVecEcSymbol2C.v, 46
  The specified width is '8' bits, actually got '12' bits.
  The offending number is : '206'.


Warning-[TMBIN] Too many bits in Based Number
../../rtl/decVecEcSymbol2C.v, 46
  The specified width is '8' bits, actually got '12' bits.
  The offending number is : '133'.


Warning-[TMBIN] Too many bits in Based Number
../../rtl/decVecEcSymbol2C.v, 46
  The specified width is '8' bits, actually got '12' bits.
  The offending number is : '248'.


Warning-[TMBIN] Too many bits in Based Number
../../rtl/decVecEcSymbol2C.v, 46
  The specified width is '8' bits, actually got '12' bits.
  The offending number is : '127'.


Warning-[TMBIN] Too many bits in Based Number
../../rtl/decVecEcSymbol2C.v, 46
  The specified width is '8' bits, actually got '12' bits.
  The offending number is : '180'.


Warning-[TMBIN] Too many bits in Based Number
../../rtl/decVecEcSymbol2C.v, 46
  The specified width is '8' bits, actually got '12' bits.
  The offending number is : '225'.


Warning-[TMBIN] Too many bits in Based Number
../../rtl/decVecEcSymbol2C.v, 46
  The specified width is '8' bits, actually got '12' bits.
  The offending number is : '213'.


Warning-[TMBIN] Too many bits in Based Number
../../rtl/decVecEcSymbol2C.v, 46
  The specified width is '8' bits, actually got '12' bits.
  The offending number is : '148'.


Warning-[TMBIN] Too many bits in Based Number
../../rtl/decVecEcSymbol2C.v, 46
  The specified width is '8' bits, actually got '12' bits.
  The offending number is : '242'.


Warning-[TMBIN] Too many bits in Based Number
../../rtl/decVecEcSymbol2C.v, 46
  The specified width is '8' bits, actually got '12' bits.
  The offending number is : '223'.


Warning-[TMBIN] Too many bits in Based Number
../../rtl/decVecEcSymbol2C.v, 46
  The specified width is '8' bits, actually got '12' bits.
  The offending number is : '236'.


Warning-[TMBIN] Too many bits in Based Number
../../rtl/decVecEcSymbol2C.v, 46
  The specified width is '8' bits, actually got '12' bits.
  The offending number is : '247'.


Warning-[TMBIN] Too many bits in Based Number
../../rtl/decVecEcSymbol2C.v, 46
  The specified width is '8' bits, actually got '12' bits.
  The offending number is : '179'.


Warning-[TMBIN] Too many bits in Based Number
../../rtl/decVecEcSymbol2C.v, 46
  The specified width is '8' bits, actually got '12' bits.
  The offending number is : '141'.


Warning-[TMBIN] Too many bits in Based Number
../../rtl/decVecEcSymbol2C.v, 46
  The specified width is '8' bits, actually got '12' bits.
  The offending number is : '216'.


Warning-[TMBIN] Too many bits in Based Number
../../rtl/decVecEcSymbol2C.v, 46
  The specified width is '8' bits, actually got '12' bits.
  The offending number is : '210'.


Warning-[TMBIN] Too many bits in Based Number
../../rtl/decVecEcSymbol2C.v, 46
  The specified width is '8' bits, actually got '12' bits.
  The offending number is : '120'.


Warning-[TMBIN] Too many bits in Based Number
../../rtl/decVecEcSymbol2C.v, 46
  The specified width is '8' bits, actually got '12' bits.
  The offending number is : '201'.


Warning-[TMBIN] Too many bits in Based Number
../../rtl/decVecEcSymbol2C.v, 46
  The specified width is '8' bits, actually got '12' bits.
  The offending number is : '135'.


Warning-[TMBIN] Too many bits in Based Number
../../rtl/decVecEcSymbol2C.v, 46
  The specified width is '8' bits, actually got '12' bits.
  The offending number is : '100'.


Warning-[TMBIN] Too many bits in Based Number
../../rtl/decVecEcSymbol2C.v, 46
  The specified width is '8' bits, actually got '12' bits.
  The offending number is : '147'.


Warning-[TMBIN] Too many bits in Based Number
../../rtl/decVecEcSymbol2C.v, 46
  The specified width is '8' bits, actually got '12' bits.
  The offending number is : '253'.


Warning-[TMBIN] Too many bits in Based Number
../../rtl/decVecEcSymbol2C.v, 46
  The specified width is '8' bits, actually got '12' bits.
  The offending number is : '143'.


Warning-[TMBIN] Too many bits in Based Number
../../rtl/decVecEcSymbol2C.v, 46
  The specified width is '8' bits, actually got '12' bits.
  The offending number is : '145'.


Warning-[TMBIN] Too many bits in Based Number
../../rtl/decVecEcSymbol2C.v, 46
  The specified width is '8' bits, actually got '12' bits.
  The offending number is : '156'.


Warning-[TMBIN] Too many bits in Based Number
../../rtl/decVecEcSymbol2C.v, 46
  The specified width is '8' bits, actually got '12' bits.
  The offending number is : '198'.


Warning-[TMBIN] Too many bits in Based Number
../../rtl/decVecEcSymbol2C.v, 46
  The specified width is '8' bits, actually got '12' bits.
  The offending number is : '108'.


Warning-[TMBIN] Too many bits in Based Number
../../rtl/decVecEcSymbol2C.v, 46
  The specified width is '8' bits, actually got '12' bits.
  The offending number is : '130'.


Warning-[TMBIN] Too many bits in Based Number
../../rtl/decVecEcSymbol2C.v, 46
  The specified width is '8' bits, actually got '12' bits.
  The offending number is : '254'.


Warning-[TMBIN] Too many bits in Based Number
../../rtl/decVecEcSymbol2C.v, 46
  The specified width is '8' bits, actually got '12' bits.
  The offending number is : '251'.


Warning-[TMBIN] Too many bits in Based Number
../../rtl/decVecEcSymbol2C.v, 46
  The specified width is '8' bits, actually got '12' bits.
  The offending number is : '202'.


Warning-[TMBIN] Too many bits in Based Number
../../rtl/decVecEcSymbol2C.v, 46
  The specified width is '8' bits, actually got '12' bits.
  The offending number is : '250'.


Warning-[TMBIN] Too many bits in Based Number
../../rtl/decVecEcSymbol2C.v, 46
  The specified width is '8' bits, actually got '12' bits.
  The offending number is : '239'.


Warning-[TMBIN] Too many bits in Based Number
../../rtl/decVecEcSymbol2C.v, 46
  The specified width is '8' bits, actually got '12' bits.
  The offending number is : '191'.


Warning-[TMBIN] Too many bits in Based Number
../../rtl/decVecEcSymbol2C.v, 46
  The specified width is '8' bits, actually got '12' bits.
  The offending number is : '184'.


Warning-[TMBIN] Too many bits in Based Number
../../rtl/decVecEcSymbol2C.v, 46
  The specified width is '8' bits, actually got '12' bits.
  The offending number is : '161'.


Warning-[TMBIN] Too many bits in Based Number
../../rtl/decVecEcSymbol2C.v, 46
  The specified width is '8' bits, actually got '12' bits.
  The offending number is : '229'.


Warning-[TMBIN] Too many bits in Based Number
../../rtl/decVecEcSymbol2C.v, 46
  The specified width is '8' bits, actually got '12' bits.
  The offending number is : '121'.


Warning-[TMBIN] Too many bits in Based Number
../../rtl/decVecEcSymbol2C.v, 46
  The specified width is '8' bits, actually got '12' bits.
  The offending number is : '109'.


Warning-[TMBIN] Too many bits in Based Number
../../rtl/decVecEcSymbol2C.v, 46
  The specified width is '8' bits, actually got '12' bits.
  The offending number is : '163'.


Warning-[TMBIN] Too many bits in Based Number
../../rtl/decVecEcSymbol2C.v, 46
  The specified width is '8' bits, actually got '12' bits.
  The offending number is : '118'.


Warning-[TMBIN] Too many bits in Based Number
../../rtl/decVecEcSymbol2C.v, 46
  The specified width is '8' bits, actually got '12' bits.
  The offending number is : '181'.


Warning-[TMBIN] Too many bits in Based Number
../../rtl/decVecEcSymbol2C.v, 46
  The specified width is '8' bits, actually got '12' bits.
  The offending number is : '226'.


Warning-[TMBIN] Too many bits in Based Number
../../rtl/decVecEcSymbol2C.v, 46
  The specified width is '8' bits, actually got '12' bits.
  The offending number is : '172'.


Warning-[TMBIN] Too many bits in Based Number
../../rtl/decVecEcSymbol2C.v, 46
  The specified width is '8' bits, actually got '12' bits.
  The offending number is : '139'.


Warning-[TMBIN] Too many bits in Based Number
../../rtl/decVecEcSymbol2C.v, 46
  The specified width is '8' bits, actually got '12' bits.
  The offending number is : '164'.


Warning-[TMBIN] Too many bits in Based Number
../../rtl/decVecEcSymbol2C.v, 46
  The specified width is '8' bits, actually got '12' bits.
  The offending number is : '217'.


Warning-[TMBIN] Too many bits in Based Number
../../rtl/decVecEcSymbol2C.v, 46
  The specified width is '8' bits, actually got '12' bits.
  The offending number is : '151'.


Warning-[TMBIN] Too many bits in Based Number
../../rtl/decVecEcSymbol2C.v, 46
  The specified width is '8' bits, actually got '12' bits.
  The offending number is : '214'.


Warning-[TMBIN] Too many bits in Based Number
../../rtl/decVecEcSymbol2C.v, 46
  The specified width is '8' bits, actually got '12' bits.
  The offending number is : '103'.


Warning-[TMBIN] Too many bits in Based Number
../../rtl/decVecEcSymbol2C.v, 46
  The specified width is '8' bits, actually got '12' bits.
  The offending number is : '137'.


Warning-[TMBIN] Too many bits in Based Number
../../rtl/decVecEcSymbol2C.v, 46
  The specified width is '8' bits, actually got '12' bits.
  The offending number is : '157'.


Warning-[TMBIN] Too many bits in Based Number
../../rtl/decVecEcSymbol2C.v, 46
  The specified width is '8' bits, actually got '12' bits.
  The offending number is : '101'.


Warning-[TMBIN] Too many bits in Based Number
../../rtl/decVecEcSymbol2C.v, 46
  The specified width is '8' bits, actually got '12' bits.
  The offending number is : '232'.


Warning-[TMBIN] Too many bits in Based Number
../../rtl/decVecEcSymbol2C.v, 46
  The specified width is '8' bits, actually got '12' bits.
  The offending number is : '104'.


Warning-[TMBIN] Too many bits in Based Number
../../rtl/decVecEcSymbol2C.v, 46
  The specified width is '8' bits, actually got '12' bits.
  The offending number is : '149'.


Warning-[TMBIN] Too many bits in Based Number
../../rtl/decVecEcSymbol2C.v, 46
  The specified width is '8' bits, actually got '12' bits.
  The offending number is : '134'.


Warning-[TMBIN] Too many bits in Based Number
../../rtl/decVecEcSymbol2C.v, 46
  The specified width is '8' bits, actually got '12' bits.
  The offending number is : '231'.


Warning-[TMBIN] Too many bits in Based Number
../../rtl/decVecEcSymbol2C.v, 46
  The specified width is '8' bits, actually got '12' bits.
  The offending number is : '123'.


Warning-[TMBIN] Too many bits in Based Number
../../rtl/decVecEcSymbol2C.v, 46
  The specified width is '8' bits, actually got '12' bits.
  The offending number is : '189'.


Warning-[TMBIN] Too many bits in Based Number
../../rtl/decVecEcSymbol2C.v, 46
  The specified width is '8' bits, actually got '12' bits.
  The offending number is : '126'.


Warning-[TMBIN] Too many bits in Based Number
../../rtl/decVecEcSymbol2C.v, 46
  The specified width is '8' bits, actually got '12' bits.
  The offending number is : '178'.


Warning-[TMBIN] Too many bits in Based Number
../../rtl/decVecEcSymbol2C.v, 46
  The specified width is '8' bits, actually got '12' bits.
  The offending number is : '222'.


Warning-[TMBIN] Too many bits in Based Number
../../rtl/decVecEcSymbol2C.v, 46
  The specified width is '8' bits, actually got '12' bits.
  The offending number is : '183'.


Warning-[TMBIN] Too many bits in Based Number
../../rtl/decVecEcSymbol2C.v, 46
  The specified width is '8' bits, actually got '12' bits.
  The offending number is : '187'.


Warning-[TMBIN] Too many bits in Based Number
../../rtl/decVecEcSymbol2C.v, 46
  The specified width is '8' bits, actually got '12' bits.
  The offending number is : '152'.


Warning-[TMBIN] Too many bits in Based Number
../../rtl/decVecEcSymbol2C.v, 46
  The specified width is '8' bits, actually got '12' bits.
  The offending number is : '142'.


Warning-[TMBIN] Too many bits in Based Number
../../rtl/decVecEcSymbol2C.v, 46
  The specified width is '8' bits, actually got '12' bits.
  The offending number is : '146'.


Warning-[TMBIN] Too many bits in Based Number
../../rtl/decVecEcSymbol2C.v, 46
  The specified width is '8' bits, actually got '12' bits.
  The offending number is : '246'.


Warning-[TMBIN] Too many bits in Based Number
../../rtl/decVecEcSymbol2C.v, 46
  The specified width is '8' bits, actually got '12' bits.
  The offending number is : '219'.


Warning-[TMBIN] Too many bits in Based Number
../../rtl/decVecEcSymbol2C.v, 46
  The specified width is '8' bits, actually got '12' bits.
  The offending number is : '111'.


Warning-[TMBIN] Too many bits in Based Number
../../rtl/decVecEcSymbol2C.v, 46
  The specified width is '8' bits, actually got '12' bits.
  The offending number is : '238'.


Warning-[TMBIN] Too many bits in Based Number
../../rtl/decVecEcSymbol2C.v, 46
  The specified width is '8' bits, actually got '12' bits.
  The offending number is : '249'.


Warning-[TMBIN] Too many bits in Based Number
../../rtl/decVecEcSymbol2C.v, 46
  The specified width is '8' bits, actually got '12' bits.
  The offending number is : '237'.


Warning-[TMBIN] Too many bits in Based Number
../../rtl/decVecEcSymbol2C.v, 46
  The specified width is '8' bits, actually got '12' bits.
  The offending number is : '175'.


Warning-[TMBIN] Too many bits in Based Number
../../rtl/decVecEcSymbol2C.v, 46
  The specified width is '8' bits, actually got '12' bits.
  The offending number is : '159'.


Warning-[TMBIN] Too many bits in Based Number
../../rtl/decVecEcSymbol2C.v, 46
  The specified width is '8' bits, actually got '12' bits.
  The offending number is : '165'.


Warning-[TMBIN] Too many bits in Based Number
../../rtl/decVecEcSymbol2C.v, 46
  The specified width is '8' bits, actually got '12' bits.
  The offending number is : '138'.


Warning-[TMBIN] Too many bits in Based Number
../../rtl/decVecEcSymbol2C.v, 46
  The specified width is '8' bits, actually got '12' bits.
  The offending number is : '190'.


Warning-[TMBIN] Too many bits in Based Number
../../rtl/decVecEcSymbol2C.v, 46
  The specified width is '8' bits, actually got '12' bits.
  The offending number is : '235'.


Warning-[TMBIN] Too many bits in Based Number
../../rtl/decVecEcSymbol2C.v, 46
  The specified width is '8' bits, actually got '12' bits.
  The offending number is : '153'.


Warning-[TMBIN] Too many bits in Based Number
../../rtl/decVecEcSymbol2C.v, 46
  The specified width is '8' bits, actually got '12' bits.
  The offending number is : '186'.


Warning-[TMBIN] Too many bits in Based Number
../../rtl/decVecEcSymbol2C.v, 46
  The specified width is '8' bits, actually got '12' bits.
  The offending number is : '168'.


Warning-[TMBIN] Too many bits in Based Number
../../rtl/decVecEcSymbol2C.v, 46
  The specified width is '8' bits, actually got '12' bits.
  The offending number is : '162'.


Warning-[TMBIN] Too many bits in Based Number
../../rtl/decVecEcSymbol2C.v, 46
  The specified width is '8' bits, actually got '12' bits.
  The offending number is : '170'.


Warning-[TMBIN] Too many bits in Based Number
../../rtl/decVecEcSymbol2C.v, 46
  The specified width is '8' bits, actually got '12' bits.
  The offending number is : '102'.


Warning-[TMBIN] Too many bits in Based Number
../../rtl/decVecEcSymbol2C.v, 46
  The specified width is '8' bits, actually got '12' bits.
  The offending number is : '230'.


Warning-[TMBIN] Too many bits in Based Number
../../rtl/decVecEcSymbol2C.v, 46
  The specified width is '8' bits, actually got '12' bits.
  The offending number is : '234'.


Warning-[TMBIN] Too many bits in Based Number
../../rtl/decVecEcSymbol2C.v, 46
  The specified width is '8' bits, actually got '12' bits.
  The offending number is : '167'.


Warning-[TMBIN] Too many bits in Based Number
../../rtl/decVecEcSymbol2C.v, 46
  The specified width is '8' bits, actually got '12' bits.
  The offending number is : '150'.


Warning-[TMBIN] Too many bits in Based Number
../../rtl/decVecEcSymbol2C.v, 46
  The specified width is '8' bits, actually got '12' bits.
  The offending number is : '105'.


Warning-[TMBIN] Too many bits in Based Number
../../rtl/decVecEcSymbol2C.v, 46
  The specified width is '8' bits, actually got '12' bits.
  The offending number is : '185'.


Warning-[TMBIN] Too many bits in Based Number
../../rtl/decVecEcSymbol2C.v, 46
  The specified width is '8' bits, actually got '12' bits.
  The offending number is : '218'.


Warning-[TMBIN] Too many bits in Based Number
../../rtl/decVecEcSymbol2C.v, 46
  The specified width is '8' bits, actually got '12' bits.
  The offending number is : '174'.


Warning-[TMBIN] Too many bits in Based Number
../../rtl/decVecEcSymbol2C.v, 46
  The specified width is '8' bits, actually got '12' bits.
  The offending number is : '155'.


Warning-[TMBIN] Too many bits in Based Number
../../rtl/decVecEcSymbol2C.v, 46
  The specified width is '8' bits, actually got '12' bits.
  The offending number is : '110'.


Warning-[TMBIN] Too many bits in Based Number
../../rtl/decVecEcSymbol2C.v, 46
  The specified width is '8' bits, actually got '12' bits.
  The offending number is : '171'.


Warning-[TMBIN] Too many bits in Based Number
../../rtl/decVecEcSymbol2C.v, 46
  The specified width is '8' bits, actually got '12' bits.
  The offending number is : '173'.


Warning-[TMBIN] Too many bits in Based Number
../../rtl/decVecEcSymbol2C.v, 46
  The specified width is '8' bits, actually got '12' bits.
  The offending number is : '122'.


Warning-[TMBIN] Too many bits in Based Number
../../rtl/decVecEcSymbol2C.v, 46
  The specified width is '8' bits, actually got '12' bits.
  The offending number is : '158'.


Warning-[TMBIN] Too many bits in Based Number
../../rtl/decVecEcSymbol2C.v, 46
  The specified width is '8' bits, actually got '12' bits.
  The offending number is : '182'.


Warning-[TMBIN] Too many bits in Based Number
../../rtl/decVecEcSymbol2C.v, 46
  The specified width is '8' bits, actually got '12' bits.
  The offending number is : '233'.


Warning-[TMBIN] Too many bits in Based Number
../../rtl/decVecEcSymbol2C.v, 46
  The specified width is '8' bits, actually got '12' bits.
  The offending number is : '107'.


Warning-[TMBIN] Too many bits in Based Number
../../rtl/decVecEcSymbol2C.v, 46
  The specified width is '8' bits, actually got '12' bits.
  The offending number is : '154'.


Warning-[TMBIN] Too many bits in Based Number
../../rtl/decVecEcSymbol2C.v, 46
  The specified width is '8' bits, actually got '12' bits.
  The offending number is : '106'.


Warning-[TMBIN] Too many bits in Based Number
../../rtl/decVecEcSymbol2C.v, 46
  The specified width is '8' bits, actually got '12' bits.
  The offending number is : '166'.


Warning-[TMBIN] Too many bits in Based Number
../../rtl/decVecEcSymbol2C.v, 46
  The specified width is '8' bits, actually got '12' bits.
  The offending number is : '169'.


Warning-[TMBIN] Too many bits in Based Number
../../rtl/decVecEcSymbol2C.v, 46
  The specified width is '8' bits, actually got '12' bits.
  The offending number is : '255'.


Warning-[TMBIN] Too many bits in Based Number
../../rtl/decVecEcSymbol2C.v, 46
  The specified width is '8' bits, actually got '12' bits.
  The offending number is : '207'.


Warning-[TMBIN] Too many bits in Based Number
../../rtl/decVecEcSymbol2C.v, 46
  The specified width is '8' bits, actually got '12' bits.
  The offending number is : '243'.


Warning-[TMBIN] Too many bits in Based Number
../../rtl/decVecEcSymbol2C.v, 46
  The specified width is '8' bits, actually got '12' bits.
  The offending number is : '195'.


Warning-[TMBIN] Too many bits in Based Number
../../rtl/decVecEcSymbol2C.v, 46
  The specified width is '8' bits, actually got '12' bits.
  The offending number is : '252'.


Warning-[TMBIN] Too many bits in Based Number
../../rtl/decVecEcSymbol2C.v, 46
  The specified width is '8' bits, actually got '12' bits.
  The offending number is : '204'.


Warning-[TMBIN] Too many bits in Based Number
../../rtl/decVecEcSymbol2C.v, 46
  The specified width is '8' bits, actually got '12' bits.
  The offending number is : '240'.


Warning-[TMBIN] Too many bits in Based Number
../../rtl/decVecEcSymbol2C.v, 46
  The specified width is '8' bits, actually got '12' bits.
  The offending number is : '192'.


Warning-[TMBIN] Too many bits in Based Number
../../rtl/decVecEcSymbol2C.v, 47
  The specified width is '8' bits, actually got '12' bits.
  The offending number is : '193'.


Warning-[TMBIN] Too many bits in Based Number
../../rtl/decVecEcSymbol2C.v, 47
  The specified width is '8' bits, actually got '12' bits.
  The offending number is : '112'.


Warning-[TMBIN] Too many bits in Based Number
../../rtl/decVecEcSymbol2C.v, 47
  The specified width is '8' bits, actually got '12' bits.
  The offending number is : '208'.


Warning-[TMBIN] Too many bits in Based Number
../../rtl/decVecEcSymbol2C.v, 47
  The specified width is '8' bits, actually got '12' bits.
  The offending number is : '196'.


Warning-[TMBIN] Too many bits in Based Number
../../rtl/decVecEcSymbol2C.v, 47
  The specified width is '8' bits, actually got '12' bits.
  The offending number is : '128'.


Warning-[TMBIN] Too many bits in Based Number
../../rtl/decVecEcSymbol2C.v, 47
  The specified width is '8' bits, actually got '12' bits.
  The offending number is : '224'.


Warning-[TMBIN] Too many bits in Based Number
../../rtl/decVecEcSymbol2C.v, 47
  The specified width is '8' bits, actually got '12' bits.
  The offending number is : '176'.


Warning-[TMBIN] Too many bits in Based Number
../../rtl/decVecEcSymbol2C.v, 47
  The specified width is '8' bits, actually got '12' bits.
  The offending number is : '241'.


Warning-[TMBIN] Too many bits in Based Number
../../rtl/decVecEcSymbol2C.v, 47
  The specified width is '8' bits, actually got '12' bits.
  The offending number is : '244'.


Warning-[TMBIN] Too many bits in Based Number
../../rtl/decVecEcSymbol2C.v, 47
  The specified width is '8' bits, actually got '12' bits.
  The offending number is : '200'.


Warning-[TMBIN] Too many bits in Based Number
../../rtl/decVecEcSymbol2C.v, 47
  The specified width is '8' bits, actually got '12' bits.
  The offending number is : '197'.


Warning-[TMBIN] Too many bits in Based Number
../../rtl/decVecEcSymbol2C.v, 47
  The specified width is '8' bits, actually got '12' bits.
  The offending number is : '160'.


Warning-[TMBIN] Too many bits in Based Number
../../rtl/decVecEcSymbol2C.v, 47
  The specified width is '8' bits, actually got '12' bits.
  The offending number is : '209'.


Warning-[TMBIN] Too many bits in Based Number
../../rtl/decVecEcSymbol2C.v, 47
  The specified width is '8' bits, actually got '12' bits.
  The offending number is : '115'.


Warning-[TMBIN] Too many bits in Based Number
../../rtl/decVecEcSymbol2C.v, 47
  The specified width is '8' bits, actually got '12' bits.
  The offending number is : '205'.


Warning-[TMBIN] Too many bits in Based Number
../../rtl/decVecEcSymbol2C.v, 47
  The specified width is '8' bits, actually got '12' bits.
  The offending number is : '116'.


Warning-[TMBIN] Too many bits in Based Number
../../rtl/decVecEcSymbol2C.v, 47
  The specified width is '8' bits, actually got '12' bits.
  The offending number is : '140'.


Warning-[TMBIN] Too many bits in Based Number
../../rtl/decVecEcSymbol2C.v, 47
  The specified width is '8' bits, actually got '12' bits.
  The offending number is : '220'.


Warning-[TMBIN] Too many bits in Based Number
../../rtl/decVecEcSymbol2C.v, 47
  The specified width is '8' bits, actually got '12' bits.
  The offending number is : '245'.


Warning-[TMBIN] Too many bits in Based Number
../../rtl/decVecEcSymbol2C.v, 47
  The specified width is '8' bits, actually got '12' bits.
  The offending number is : '113'.


Warning-[TMBIN] Too many bits in Based Number
../../rtl/decVecEcSymbol2C.v, 47
  The specified width is '8' bits, actually got '12' bits.
  The offending number is : '129'.


Warning-[TMBIN] Too many bits in Based Number
../../rtl/decVecEcSymbol2C.v, 47
  The specified width is '8' bits, actually got '12' bits.
  The offending number is : '211'.


Warning-[TMBIN] Too many bits in Based Number
../../rtl/decVecEcSymbol2C.v, 47
  The specified width is '8' bits, actually got '12' bits.
  The offending number is : '124'.


Warning-[TMBIN] Too many bits in Based Number
../../rtl/decVecEcSymbol2C.v, 47
  The specified width is '8' bits, actually got '12' bits.
  The offending number is : '212'.


Warning-[TMBIN] Too many bits in Based Number
../../rtl/decVecEcSymbol2C.v, 47
  The specified width is '8' bits, actually got '12' bits.
  The offending number is : '199'.


Warning-[TMBIN] Too many bits in Based Number
../../rtl/decVecEcSymbol2C.v, 47
  The specified width is '8' bits, actually got '12' bits.
  The offending number is : '194'.


Warning-[TMBIN] Too many bits in Based Number
../../rtl/decVecEcSymbol2C.v, 47
  The specified width is '8' bits, actually got '12' bits.
  The offending number is : '203'.


Warning-[TMBIN] Too many bits in Based Number
../../rtl/decVecEcSymbol2C.v, 47
  The specified width is '8' bits, actually got '12' bits.
  The offending number is : '144'.


Warning-[TMBIN] Too many bits in Based Number
../../rtl/decVecEcSymbol2C.v, 47
  The specified width is '8' bits, actually got '12' bits.
  The offending number is : '136'.


Warning-[TMBIN] Too many bits in Based Number
../../rtl/decVecEcSymbol2C.v, 47
  The specified width is '8' bits, actually got '12' bits.
  The offending number is : '132'.


Warning-[TMBIN] Too many bits in Based Number
../../rtl/decVecEcSymbol2C.v, 47
  The specified width is '8' bits, actually got '12' bits.
  The offending number is : '131'.


Warning-[TMBIN] Too many bits in Based Number
../../rtl/decVecEcSymbol2C.v, 47
  The specified width is '8' bits, actually got '12' bits.
  The offending number is : '250'.


Warning-[TMBIN] Too many bits in Based Number
../../rtl/decVecEcSymbol2C.v, 47
  The specified width is '8' bits, actually got '12' bits.
  The offending number is : '227'.


Warning-[TMBIN] Too many bits in Based Number
../../rtl/decVecEcSymbol2C.v, 47
  The specified width is '8' bits, actually got '12' bits.
  The offending number is : '221'.


Warning-[TMBIN] Too many bits in Based Number
../../rtl/decVecEcSymbol2C.v, 47
  The specified width is '8' bits, actually got '12' bits.
  The offending number is : '119'.


Warning-[TMBIN] Too many bits in Based Number
../../rtl/decVecEcSymbol2C.v, 47
  The specified width is '8' bits, actually got '12' bits.
  The offending number is : '188'.


Warning-[TMBIN] Too many bits in Based Number
../../rtl/decVecEcSymbol2C.v, 47
  The specified width is '8' bits, actually got '12' bits.
  The offending number is : '175'.


Warning-[TMBIN] Too many bits in Based Number
../../rtl/decVecEcSymbol2C.v, 47
  The specified width is '8' bits, actually got '12' bits.
  The offending number is : '254'.


Warning-[TMBIN] Too many bits in Based Number
../../rtl/decVecEcSymbol2C.v, 47
  The specified width is '8' bits, actually got '12' bits.
  The offending number is : '251'.


Warning-[TMBIN] Too many bits in Based Number
../../rtl/decVecEcSymbol2C.v, 47
  The specified width is '8' bits, actually got '12' bits.
  The offending number is : '206'.


Warning-[TMBIN] Too many bits in Based Number
../../rtl/decVecEcSymbol2C.v, 47
  The specified width is '8' bits, actually got '12' bits.
  The offending number is : '248'.


Warning-[TMBIN] Too many bits in Based Number
../../rtl/decVecEcSymbol2C.v, 47
  The specified width is '8' bits, actually got '12' bits.
  The offending number is : '239'.


Warning-[TMBIN] Too many bits in Based Number
../../rtl/decVecEcSymbol2C.v, 47
  The specified width is '8' bits, actually got '12' bits.
  The offending number is : '228'.


Warning-[TMBIN] Too many bits in Based Number
../../rtl/decVecEcSymbol2C.v, 47
  The specified width is '8' bits, actually got '12' bits.
  The offending number is : '191'.


Warning-[TMBIN] Too many bits in Based Number
../../rtl/decVecEcSymbol2C.v, 47
  The specified width is '8' bits, actually got '12' bits.
  The offending number is : '177'.


Warning-[TMBIN] Too many bits in Based Number
../../rtl/decVecEcSymbol2C.v, 47
  The specified width is '8' bits, actually got '12' bits.
  The offending number is : '236'.


Warning-[TMBIN] Too many bits in Based Number
../../rtl/decVecEcSymbol2C.v, 47
  The specified width is '8' bits, actually got '12' bits.
  The offending number is : '143'.


Warning-[TMBIN] Too many bits in Based Number
../../rtl/decVecEcSymbol2C.v, 47
  The specified width is '8' bits, actually got '12' bits.
  The offending number is : '242'.


Warning-[TMBIN] Too many bits in Based Number
../../rtl/decVecEcSymbol2C.v, 47
  The specified width is '8' bits, actually got '12' bits.
  The offending number is : '202'.


Warning-[TMBIN] Too many bits in Based Number
../../rtl/decVecEcSymbol2C.v, 47
  The specified width is '8' bits, actually got '12' bits.
  The offending number is : '179'.


Warning-[TMBIN] Too many bits in Based Number
../../rtl/decVecEcSymbol2C.v, 47
  The specified width is '8' bits, actually got '12' bits.
  The offending number is : '114'.


Warning-[TMBIN] Too many bits in Based Number
../../rtl/decVecEcSymbol2C.v, 47
  The specified width is '8' bits, actually got '12' bits.
  The offending number is : '223'.


Warning-[TMBIN] Too many bits in Based Number
../../rtl/decVecEcSymbol2C.v, 47
  The specified width is '8' bits, actually got '12' bits.
  The offending number is : '170'.


Warning-[TMBIN] Too many bits in Based Number
../../rtl/decVecEcSymbol2C.v, 47
  The specified width is '8' bits, actually got '12' bits.
  The offending number is : '117'.


Warning-[TMBIN] Too many bits in Based Number
../../rtl/decVecEcSymbol2C.v, 47
  The specified width is '8' bits, actually got '12' bits.
  The offending number is : '141'.


Warning-[TMBIN] Too many bits in Based Number
../../rtl/decVecEcSymbol2C.v, 47
  The specified width is '8' bits, actually got '12' bits.
  The offending number is : '247'.


Warning-[TMBIN] Too many bits in Based Number
../../rtl/decVecEcSymbol2C.v, 47
  The specified width is '8' bits, actually got '12' bits.
  The offending number is : '225'.


Warning-[TMBIN] Too many bits in Based Number
../../rtl/decVecEcSymbol2C.v, 47
  The specified width is '8' bits, actually got '12' bits.
  The offending number is : '213'.


Warning-[TMBIN] Too many bits in Based Number
../../rtl/decVecEcSymbol2C.v, 47
  The specified width is '8' bits, actually got '12' bits.
  The offending number is : '127'.


Warning-[TMBIN] Too many bits in Based Number
../../rtl/decVecEcSymbol2C.v, 47
  The specified width is '8' bits, actually got '12' bits.
  The offending number is : '253'.


Warning-[TMBIN] Too many bits in Based Number
../../rtl/decVecEcSymbol2C.v, 47
  The specified width is '8' bits, actually got '12' bits.
  The offending number is : '216'.


Warning-[TMBIN] Too many bits in Based Number
../../rtl/decVecEcSymbol2C.v, 47
  The specified width is '8' bits, actually got '12' bits.
  The offending number is : '180'.


Warning-[TMBIN] Too many bits in Based Number
../../rtl/decVecEcSymbol2C.v, 47
  The specified width is '8' bits, actually got '12' bits.
  The offending number is : '172'.


Warning-[TMBIN] Too many bits in Based Number
../../rtl/decVecEcSymbol2C.v, 47
  The specified width is '8' bits, actually got '12' bits.
  The offending number is : '133'.


Warning-[TMBIN] Too many bits in Based Number
../../rtl/decVecEcSymbol2C.v, 47
  The specified width is '8' bits, actually got '12' bits.
  The offending number is : '165'.


Warning-[TMBIN] Too many bits in Based Number
../../rtl/decVecEcSymbol2C.v, 47
  The specified width is '8' bits, actually got '12' bits.
  The offending number is : '201'.


Warning-[TMBIN] Too many bits in Based Number
../../rtl/decVecEcSymbol2C.v, 47
  The specified width is '8' bits, actually got '12' bits.
  The offending number is : '163'.


Warning-[TMBIN] Too many bits in Based Number
../../rtl/decVecEcSymbol2C.v, 47
  The specified width is '8' bits, actually got '12' bits.
  The offending number is : '238'.


Warning-[TMBIN] Too many bits in Based Number
../../rtl/decVecEcSymbol2C.v, 47
  The specified width is '8' bits, actually got '12' bits.
  The offending number is : '145'.


Warning-[TMBIN] Too many bits in Based Number
../../rtl/decVecEcSymbol2C.v, 47
  The specified width is '8' bits, actually got '12' bits.
  The offending number is : '156'.


Warning-[TMBIN] Too many bits in Based Number
../../rtl/decVecEcSymbol2C.v, 47
  The specified width is '8' bits, actually got '12' bits.
  The offending number is : '100'.


Warning-[TMBIN] Too many bits in Based Number
../../rtl/decVecEcSymbol2C.v, 47
  The specified width is '8' bits, actually got '12' bits.
  The offending number is : '187'.


Warning-[TMBIN] Too many bits in Based Number
../../rtl/decVecEcSymbol2C.v, 47
  The specified width is '8' bits, actually got '12' bits.
  The offending number is : '226'.


Warning-[TMBIN] Too many bits in Based Number
../../rtl/decVecEcSymbol2C.v, 47
  The specified width is '8' bits, actually got '12' bits.
  The offending number is : '215'.


Warning-[TMBIN] Too many bits in Based Number
../../rtl/decVecEcSymbol2C.v, 47
  The specified width is '8' bits, actually got '12' bits.
  The offending number is : '161'.


Warning-[TMBIN] Too many bits in Based Number
../../rtl/decVecEcSymbol2C.v, 47
  The specified width is '8' bits, actually got '12' bits.
  The offending number is : '184'.


Warning-[TMBIN] Too many bits in Based Number
../../rtl/decVecEcSymbol2C.v, 47
  The specified width is '8' bits, actually got '12' bits.
  The offending number is : '125'.


Warning-[TMBIN] Too many bits in Based Number
../../rtl/decVecEcSymbol2C.v, 47
  The specified width is '8' bits, actually got '12' bits.
  The offending number is : '139'.


Warning-[TMBIN] Too many bits in Based Number
../../rtl/decVecEcSymbol2C.v, 47
  The specified width is '8' bits, actually got '12' bits.
  The offending number is : '164'.


Warning-[TMBIN] Too many bits in Based Number
../../rtl/decVecEcSymbol2C.v, 47
  The specified width is '8' bits, actually got '12' bits.
  The offending number is : '181'.


Warning-[TMBIN] Too many bits in Based Number
../../rtl/decVecEcSymbol2C.v, 47
  The specified width is '8' bits, actually got '12' bits.
  The offending number is : '229'.


Warning-[TMBIN] Too many bits in Based Number
../../rtl/decVecEcSymbol2C.v, 47
  The specified width is '8' bits, actually got '12' bits.
  The offending number is : '130'.


Warning-[TMBIN] Too many bits in Based Number
../../rtl/decVecEcSymbol2C.v, 47
  The specified width is '8' bits, actually got '12' bits.
  The offending number is : '135'.


Warning-[TMBIN] Too many bits in Based Number
../../rtl/decVecEcSymbol2C.v, 47
  The specified width is '8' bits, actually got '12' bits.
  The offending number is : '120'.


Warning-[TMBIN] Too many bits in Based Number
../../rtl/decVecEcSymbol2C.v, 47
  The specified width is '8' bits, actually got '12' bits.
  The offending number is : '108'.


Warning-[TMBIN] Too many bits in Based Number
../../rtl/decVecEcSymbol2C.v, 47
  The specified width is '8' bits, actually got '12' bits.
  The offending number is : '148'.


Warning-[TMBIN] Too many bits in Based Number
../../rtl/decVecEcSymbol2C.v, 47
  The specified width is '8' bits, actually got '12' bits.
  The offending number is : '234'.


Warning-[TMBIN] Too many bits in Based Number
../../rtl/decVecEcSymbol2C.v, 47
  The specified width is '8' bits, actually got '12' bits.
  The offending number is : '198'.


Warning-[TMBIN] Too many bits in Based Number
../../rtl/decVecEcSymbol2C.v, 47
  The specified width is '8' bits, actually got '12' bits.
  The offending number is : '210'.


Warning-[TMBIN] Too many bits in Based Number
../../rtl/decVecEcSymbol2C.v, 47
  The specified width is '8' bits, actually got '12' bits.
  The offending number is : '171'.


Warning-[TMBIN] Too many bits in Based Number
../../rtl/decVecEcSymbol2C.v, 47
  The specified width is '8' bits, actually got '12' bits.
  The offending number is : '147'.


Warning-[TMBIN] Too many bits in Based Number
../../rtl/decVecEcSymbol2C.v, 47
  The specified width is '8' bits, actually got '12' bits.
  The offending number is : '217'.


Warning-[TMBIN] Too many bits in Based Number
../../rtl/decVecEcSymbol2C.v, 47
  The specified width is '8' bits, actually got '12' bits.
  The offending number is : '174'.


Warning-[TMBIN] Too many bits in Based Number
../../rtl/decVecEcSymbol2C.v, 47
  The specified width is '8' bits, actually got '12' bits.
  The offending number is : '118'.


Warning-[TMBIN] Too many bits in Based Number
../../rtl/decVecEcSymbol2C.v, 47
  The specified width is '8' bits, actually got '12' bits.
  The offending number is : '186'.


Warning-[TMBIN] Too many bits in Based Number
../../rtl/decVecEcSymbol2C.v, 47
  The specified width is '8' bits, actually got '12' bits.
  The offending number is : '137'.


Warning-[TMBIN] Too many bits in Based Number
../../rtl/decVecEcSymbol2C.v, 47
  The specified width is '8' bits, actually got '12' bits.
  The offending number is : '157'.


Warning-[TMBIN] Too many bits in Based Number
../../rtl/decVecEcSymbol2C.v, 47
  The specified width is '8' bits, actually got '12' bits.
  The offending number is : '235'.


Warning-[TMBIN] Too many bits in Based Number
../../rtl/decVecEcSymbol2C.v, 47
  The specified width is '8' bits, actually got '12' bits.
  The offending number is : '152'.


Warning-[TMBIN] Too many bits in Based Number
../../rtl/decVecEcSymbol2C.v, 47
  The specified width is '8' bits, actually got '12' bits.
  The offending number is : '219'.


Warning-[TMBIN] Too many bits in Based Number
../../rtl/decVecEcSymbol2C.v, 47
  The specified width is '8' bits, actually got '12' bits.
  The offending number is : '190'.


Warning-[TMBIN] Too many bits in Based Number
../../rtl/decVecEcSymbol2C.v, 47
  The specified width is '8' bits, actually got '12' bits.
  The offending number is : '231'.


Warning-[TMBIN] Too many bits in Based Number
../../rtl/decVecEcSymbol2C.v, 47
  The specified width is '8' bits, actually got '12' bits.
  The offending number is : '178'.


Warning-[TMBIN] Too many bits in Based Number
../../rtl/decVecEcSymbol2C.v, 47
  The specified width is '8' bits, actually got '12' bits.
  The offending number is : '103'.


Warning-[TMBIN] Too many bits in Based Number
../../rtl/decVecEcSymbol2C.v, 47
  The specified width is '8' bits, actually got '12' bits.
  The offending number is : '232'.


Warning-[TMBIN] Too many bits in Based Number
../../rtl/decVecEcSymbol2C.v, 47
  The specified width is '8' bits, actually got '12' bits.
  The offending number is : '237'.


Warning-[TMBIN] Too many bits in Based Number
../../rtl/decVecEcSymbol2C.v, 47
  The specified width is '8' bits, actually got '12' bits.
  The offending number is : '142'.


Warning-[TMBIN] Too many bits in Based Number
../../rtl/decVecEcSymbol2C.v, 47
  The specified width is '8' bits, actually got '12' bits.
  The offending number is : '189'.


Warning-[TMBIN] Too many bits in Based Number
../../rtl/decVecEcSymbol2C.v, 47
  The specified width is '8' bits, actually got '12' bits.
  The offending number is : '138'.


Warning-[TMBIN] Too many bits in Based Number
../../rtl/decVecEcSymbol2C.v, 47
  The specified width is '8' bits, actually got '12' bits.
  The offending number is : '249'.


Warning-[TMBIN] Too many bits in Based Number
../../rtl/decVecEcSymbol2C.v, 47
  The specified width is '8' bits, actually got '12' bits.
  The offending number is : '126'.


Warning-[TMBIN] Too many bits in Based Number
../../rtl/decVecEcSymbol2C.v, 47
  The specified width is '8' bits, actually got '12' bits.
  The offending number is : '153'.


Warning-[TMBIN] Too many bits in Based Number
../../rtl/decVecEcSymbol2C.v, 47
  The specified width is '8' bits, actually got '12' bits.
  The offending number is : '149'.


Warning-[TMBIN] Too many bits in Based Number
../../rtl/decVecEcSymbol2C.v, 47
  The specified width is '8' bits, actually got '12' bits.
  The offending number is : '162'.


Warning-[TMBIN] Too many bits in Based Number
../../rtl/decVecEcSymbol2C.v, 47
  The specified width is '8' bits, actually got '12' bits.
  The offending number is : '101'.


Warning-[TMBIN] Too many bits in Based Number
../../rtl/decVecEcSymbol2C.v, 47
  The specified width is '8' bits, actually got '12' bits.
  The offending number is : '102'.


Warning-[TMBIN] Too many bits in Based Number
../../rtl/decVecEcSymbol2C.v, 47
  The specified width is '8' bits, actually got '12' bits.
  The offending number is : '183'.


Warning-[TMBIN] Too many bits in Based Number
../../rtl/decVecEcSymbol2C.v, 47
  The specified width is '8' bits, actually got '12' bits.
  The offending number is : '111'.


Warning-[TMBIN] Too many bits in Based Number
../../rtl/decVecEcSymbol2C.v, 47
  The specified width is '8' bits, actually got '12' bits.
  The offending number is : '246'.


Warning-[TMBIN] Too many bits in Based Number
../../rtl/decVecEcSymbol2C.v, 47
  The specified width is '8' bits, actually got '12' bits.
  The offending number is : '222'.


Warning-[TMBIN] Too many bits in Based Number
../../rtl/decVecEcSymbol2C.v, 47
  The specified width is '8' bits, actually got '12' bits.
  The offending number is : '123'.


Warning-[TMBIN] Too many bits in Based Number
../../rtl/decVecEcSymbol2C.v, 47
  The specified width is '8' bits, actually got '12' bits.
  The offending number is : '168'.


Warning-[TMBIN] Too many bits in Based Number
../../rtl/decVecEcSymbol2C.v, 47
  The specified width is '8' bits, actually got '12' bits.
  The offending number is : '159'.


Warning-[TMBIN] Too many bits in Based Number
../../rtl/decVecEcSymbol2C.v, 47
  The specified width is '8' bits, actually got '12' bits.
  The offending number is : '109'.


Warning-[TMBIN] Too many bits in Based Number
../../rtl/decVecEcSymbol2C.v, 47
  The specified width is '8' bits, actually got '12' bits.
  The offending number is : '151'.


Warning-[TMBIN] Too many bits in Based Number
../../rtl/decVecEcSymbol2C.v, 47
  The specified width is '8' bits, actually got '12' bits.
  The offending number is : '121'.


Warning-[TMBIN] Too many bits in Based Number
../../rtl/decVecEcSymbol2C.v, 47
  The specified width is '8' bits, actually got '12' bits.
  The offending number is : '134'.


Warning-[TMBIN] Too many bits in Based Number
../../rtl/decVecEcSymbol2C.v, 47
  The specified width is '8' bits, actually got '12' bits.
  The offending number is : '214'.


Warning-[TMBIN] Too many bits in Based Number
../../rtl/decVecEcSymbol2C.v, 47
  The specified width is '8' bits, actually got '12' bits.
  The offending number is : '218'.


Warning-[TMBIN] Too many bits in Based Number
../../rtl/decVecEcSymbol2C.v, 47
  The specified width is '8' bits, actually got '12' bits.
  The offending number is : '104'.


Warning-[TMBIN] Too many bits in Based Number
../../rtl/decVecEcSymbol2C.v, 47
  The specified width is '8' bits, actually got '12' bits.
  The offending number is : '122'.


Warning-[TMBIN] Too many bits in Based Number
../../rtl/decVecEcSymbol2C.v, 47
  The specified width is '8' bits, actually got '12' bits.
  The offending number is : '146'.


Warning-[TMBIN] Too many bits in Based Number
../../rtl/decVecEcSymbol2C.v, 47
  The specified width is '8' bits, actually got '12' bits.
  The offending number is : '230'.


Warning-[TMBIN] Too many bits in Based Number
../../rtl/decVecEcSymbol2C.v, 47
  The specified width is '8' bits, actually got '12' bits.
  The offending number is : '155'.


Warning-[TMBIN] Too many bits in Based Number
../../rtl/decVecEcSymbol2C.v, 47
  The specified width is '8' bits, actually got '12' bits.
  The offending number is : '105'.


Warning-[TMBIN] Too many bits in Based Number
../../rtl/decVecEcSymbol2C.v, 47
  The specified width is '8' bits, actually got '12' bits.
  The offending number is : '150'.


Warning-[TMBIN] Too many bits in Based Number
../../rtl/decVecEcSymbol2C.v, 47
  The specified width is '8' bits, actually got '12' bits.
  The offending number is : '167'.


Warning-[TMBIN] Too many bits in Based Number
../../rtl/decVecEcSymbol2C.v, 47
  The specified width is '8' bits, actually got '12' bits.
  The offending number is : '173'.


Warning-[TMBIN] Too many bits in Based Number
../../rtl/decVecEcSymbol2C.v, 47
  The specified width is '8' bits, actually got '12' bits.
  The offending number is : '233'.


Warning-[TMBIN] Too many bits in Based Number
../../rtl/decVecEcSymbol2C.v, 47
  The specified width is '8' bits, actually got '12' bits.
  The offending number is : '185'.


Warning-[TMBIN] Too many bits in Based Number
../../rtl/decVecEcSymbol2C.v, 47
  The specified width is '8' bits, actually got '12' bits.
  The offending number is : '110'.


Warning-[TMBIN] Too many bits in Based Number
../../rtl/decVecEcSymbol2C.v, 47
  The specified width is '8' bits, actually got '12' bits.
  The offending number is : '158'.


Warning-[TMBIN] Too many bits in Based Number
../../rtl/decVecEcSymbol2C.v, 47
  The specified width is '8' bits, actually got '12' bits.
  The offending number is : '182'.


Warning-[TMBIN] Too many bits in Based Number
../../rtl/decVecEcSymbol2C.v, 47
  The specified width is '8' bits, actually got '12' bits.
  The offending number is : '107'.


Warning-[TMBIN] Too many bits in Based Number
../../rtl/decVecEcSymbol2C.v, 47
  The specified width is '8' bits, actually got '12' bits.
  The offending number is : '169'.


Warning-[TMBIN] Too many bits in Based Number
../../rtl/decVecEcSymbol2C.v, 47
  The specified width is '8' bits, actually got '12' bits.
  The offending number is : '154'.


Warning-[TMBIN] Too many bits in Based Number
../../rtl/decVecEcSymbol2C.v, 47
  The specified width is '8' bits, actually got '12' bits.
  The offending number is : '106'.


Warning-[TMBIN] Too many bits in Based Number
../../rtl/decVecEcSymbol2C.v, 47
  The specified width is '8' bits, actually got '12' bits.
  The offending number is : '166'.


Warning-[TMBIN] Too many bits in Based Number
../../rtl/decVecEcSymbol2C.v, 47
  The specified width is '8' bits, actually got '12' bits.
  The offending number is : '255'.


Warning-[TMBIN] Too many bits in Based Number
../../rtl/decVecEcSymbol2C.v, 47
  The specified width is '8' bits, actually got '12' bits.
  The offending number is : '207'.


Warning-[TMBIN] Too many bits in Based Number
../../rtl/decVecEcSymbol2C.v, 47
  The specified width is '8' bits, actually got '12' bits.
  The offending number is : '243'.


Warning-[TMBIN] Too many bits in Based Number
../../rtl/decVecEcSymbol2C.v, 47
  The specified width is '8' bits, actually got '12' bits.
  The offending number is : '195'.


Warning-[TMBIN] Too many bits in Based Number
../../rtl/decVecEcSymbol2C.v, 47
  The specified width is '8' bits, actually got '12' bits.
  The offending number is : '252'.


Warning-[TMBIN] Too many bits in Based Number
../../rtl/decVecEcSymbol2C.v, 47
  The specified width is '8' bits, actually got '12' bits.
  The offending number is : '204'.


Warning-[TMBIN] Too many bits in Based Number
../../rtl/decVecEcSymbol2C.v, 47
  The specified width is '8' bits, actually got '12' bits.
  The offending number is : '240'.


Warning-[TMBIN] Too many bits in Based Number
../../rtl/decVecEcSymbol2C.v, 47
  The specified width is '8' bits, actually got '12' bits.
  The offending number is : '192'.

Parsing design file '../../rtl/decMppfSuffix.v'
Parsing design file '../../rtl/xfm_rec_c.v'
Parsing design file '../../rtl/xfm_rec.v'
Parsing design file '../../rtl/idct.v'
Parsing design file '../../rtl/decRateControl.v'
Parsing design file '../../rtl/decBufferFullness.v'
Parsing design file '../../rtl/updateRcOffset.v'

Warning-[IPDW] Identifier previously declared
../../rtl/updateRcOffset.v, 19
  Second declaration for identifier 'm_rcOffsetInit' ignored

Parsing design file '../../rtl/calcDeltaQp.v'
Parsing design file '../../rtl/mode_dec.v'

Error-[IPD] Identifier previously declared
  Identifier 'bp_range' previously declared as GenerateBlock.
  "../../rtl/mode_dec.v", 156
  Source info: for(l=0;l<3;l=l+1) begin:bp_range


Error-[IPD] Identifier previously declared
  Identifier 'bp_range' previously declared as GenerateBlock.
  "../../rtl/mode_dec.v", 206
  Source info: for(m=0;m<3;m=m+1) begin:bp_range

Parsing design file '../../rtl/ycocg2rgb.v'
Parsing design file '../../rtl/rgb2ycocg_16.v'
Parsing design file '../../rtl/rgb2ycocg.v'
Parsing design file '../../rtl/bp_rec.v'
Parsing design file '../../rtl/bp_rec_com.v'
338 warnings
2 errors
CPU time: 1.689 seconds to compile
